[    0.000000] Linux version 4.15.0-193-generic (buildd@lcy02-amd64-022) (gcc version 7.5.0 (Ubuntu 7.5.0-3ubuntu1~18.04)) #204-Ubuntu SMP Fri Aug 26 19:20:21 UTC 2022 (Ubuntu 4.15.0-193.204-generic 4.15.18)
[    0.000000] Command line: BOOT_IMAGE=/boot/vmlinuz-4.15.0-193-generic root=LABEL=cloudimg-rootfs ro console=tty1 console=ttyS0
[    0.000000] KERNEL supported cpus:
[    0.000000]   Intel GenuineIntel
[    0.000000]   AMD AuthenticAMD
[    0.000000]   Centaur CentaurHauls
[    0.000000] x86/fpu: x87 FPU will use FXSAVE
[    0.000000] e820: BIOS-provided physical RAM map:
[    0.000000] BIOS-e820: [mem 0x0000000000000000-0x000000000009fbff] usable
[    0.000000] BIOS-e820: [mem 0x000000000009fc00-0x000000000009ffff] reserved
[    0.000000] BIOS-e820: [mem 0x00000000000f0000-0x00000000000fffff] reserved
[    0.000000] BIOS-e820: [mem 0x0000000000100000-0x000000003ffeffff] usable
[    0.000000] BIOS-e820: [mem 0x000000003fff0000-0x000000003fffffff] ACPI data
[    0.000000] BIOS-e820: [mem 0x00000000fec00000-0x00000000fec00fff] reserved
[    0.000000] BIOS-e820: [mem 0x00000000fee00000-0x00000000fee00fff] reserved
[    0.000000] BIOS-e820: [mem 0x00000000fffc0000-0x00000000ffffffff] reserved
[    0.000000] NX (Execute Disable) protection: active
[    0.000000] SMBIOS 2.5 present.
[    0.000000] DMI: innotek GmbH VirtualBox/VirtualBox, BIOS VirtualBox 12/01/2006
[    0.000000] Hypervisor detected: KVM
[    0.000000] e820: last_pfn = 0x3fff0 max_arch_pfn = 0x400000000
[    0.000000] MTRR: Disabled
[    0.000000] x86/PAT: MTRRs disabled, skipping PAT initialization too.
[    0.000000] CPU MTRRs all blank - virtualized system.
[    0.000000] x86/PAT: Configuration [0-7]: WB  WT  UC- UC  WB  WT  UC- UC  
[    0.000000] found SMP MP-table at [mem 0x0009fff0-0x0009ffff]
[    0.000000] Scanning 1 areas for low memory corruption
[    0.000000] RAMDISK: [mem 0x359cb000-0x36cdcfff]
[    0.000000] ACPI: Early table checksum verification disabled
[    0.000000] ACPI: RSDP 0x00000000000E0000 000024 (v02 VBOX  )
[    0.000000] ACPI: XSDT 0x000000003FFF0030 00003C (v01 VBOX   VBOXXSDT 00000001 ASL  00000061)
[    0.000000] ACPI: FACP 0x000000003FFF00F0 0000F4 (v04 VBOX   VBOXFACP 00000001 ASL  00000061)
[    0.000000] ACPI: DSDT 0x000000003FFF0470 002325 (v02 VBOX   VBOXBIOS 00000002 INTL 20100528)
[    0.000000] ACPI: FACS 0x000000003FFF0200 000040
[    0.000000] ACPI: FACS 0x000000003FFF0200 000040
[    0.000000] ACPI: APIC 0x000000003FFF0240 00005C (v02 VBOX   VBOXAPIC 00000001 ASL  00000061)
[    0.000000] ACPI: SSDT 0x000000003FFF02A0 0001CC (v01 VBOX   VBOXCPUT 00000002 INTL 20100528)
[    0.000000] ACPI: Reserving FACP table memory at [mem 0x3fff00f0-0x3fff01e3]
[    0.000000] ACPI: Reserving DSDT table memory at [mem 0x3fff0470-0x3fff2794]
[    0.000000] ACPI: Reserving FACS table memory at [mem 0x3fff0200-0x3fff023f]
[    0.000000] ACPI: Reserving FACS table memory at [mem 0x3fff0200-0x3fff023f]
[    0.000000] ACPI: Reserving APIC table memory at [mem 0x3fff0240-0x3fff029b]
[    0.000000] ACPI: Reserving SSDT table memory at [mem 0x3fff02a0-0x3fff046b]
[    0.000000] No NUMA configuration found
[    0.000000] Faking a node at [mem 0x0000000000000000-0x000000003ffeffff]
[    0.000000] NODE_DATA(0) allocated [mem 0x3ffc5000-0x3ffeffff]
[    0.000000] kvm-clock: cpu 0, msr 0:3ff44001, primary cpu clock
[    0.000000] kvm-clock: Using msrs 4b564d01 and 4b564d00
[    0.000000] kvm-clock: using sched offset of 3959504319 cycles
[    0.000000] clocksource: kvm-clock: mask: 0xffffffffffffffff max_cycles: 0x1cd42e4dffb, max_idle_ns: 881590591483 ns
[    0.000000] Zone ranges:
[    0.000000]   DMA      [mem 0x0000000000001000-0x0000000000ffffff]
[    0.000000]   DMA32    [mem 0x0000000001000000-0x000000003ffeffff]
[    0.000000]   Normal   empty
[    0.000000]   Device   empty
[    0.000000] Movable zone start for each node
[    0.000000] Early memory node ranges
[    0.000000]   node   0: [mem 0x0000000000001000-0x000000000009efff]
[    0.000000]   node   0: [mem 0x0000000000100000-0x000000003ffeffff]
[    0.000000] Reserved but unavailable: 104 pages
[    0.000000] Initmem setup node 0 [mem 0x0000000000001000-0x000000003ffeffff]
[    0.000000] ACPI: PM-Timer IO Port: 0x4008
[    0.000000] IOAPIC[0]: apic_id 2, version 32, address 0xfec00000, GSI 0-23
[    0.000000] ACPI: INT_SRC_OVR (bus 0 bus_irq 0 global_irq 2 dfl dfl)
[    0.000000] ACPI: INT_SRC_OVR (bus 0 bus_irq 9 global_irq 9 low level)
[    0.000000] Using ACPI (MADT) for SMP configuration information
[    0.000000] smpboot: Allowing 2 CPUs, 0 hotplug CPUs
[    0.000000] PM: Registered nosave memory: [mem 0x00000000-0x00000fff]
[    0.000000] PM: Registered nosave memory: [mem 0x0009f000-0x0009ffff]
[    0.000000] PM: Registered nosave memory: [mem 0x000a0000-0x000effff]
[    0.000000] PM: Registered nosave memory: [mem 0x000f0000-0x000fffff]
[    0.000000] e820: [mem 0x40000000-0xfebfffff] available for PCI devices
[    0.000000] Booting paravirtualized kernel on KVM
[    0.000000] clocksource: refined-jiffies: mask: 0xffffffff max_cycles: 0xffffffff, max_idle_ns: 7645519600211568 ns
[    0.000000] random: get_random_bytes called from start_kernel+0x99/0x500 with crng_init=0
[    0.000000] setup_percpu: NR_CPUS:8192 nr_cpumask_bits:2 nr_cpu_ids:2 nr_node_ids:1
[    0.000000] percpu: Embedded 50 pages/cpu s167936 r8192 d28672 u1048576
[    0.000000] PV qspinlock hash table entries: 256 (order: 0, 4096 bytes)
[    0.000000] Built 1 zonelists, mobility grouping on.  Total pages: 257913
[    0.000000] Policy zone: DMA32
[    0.000000] Kernel command line: BOOT_IMAGE=/boot/vmlinuz-4.15.0-193-generic root=LABEL=cloudimg-rootfs ro console=tty1 console=ttyS0
[    0.000000] Memory: 982648K/1048120K available (12300K kernel code, 2484K rwdata, 4324K rodata, 2468K init, 2724K bss, 65472K reserved, 0K cma-reserved)
[    0.000000] SLUB: HWalign=64, Order=0-3, MinObjects=0, CPUs=2, Nodes=1
[    0.000000] Kernel/User page tables isolation: enabled
[    0.000000] ftrace: allocating 39483 entries in 155 pages
[    0.004000] Hierarchical RCU implementation.
[    0.004000] 	RCU restricting CPUs from NR_CPUS=8192 to nr_cpu_ids=2.
[    0.004000] 	Tasks RCU enabled.
[    0.004000] RCU: Adjusting geometry for rcu_fanout_leaf=16, nr_cpu_ids=2
[    0.004000] NR_IRQS: 524544, nr_irqs: 440, preallocated irqs: 16
[    0.004000] Console: colour VGA+ 80x25
[    0.004000] console [tty1] enabled
[    0.004000] console [ttyS0] enabled
[    0.004000] ACPI: Core revision 20170831
[    0.004000] ACPI: 2 ACPI AML tables successfully acquired and loaded
[    0.004000] APIC: Switch to symmetric I/O mode setup
[    0.004000] ..TIMER: vector=0x30 apic1=0 pin1=2 apic2=-1 pin2=-1
[    0.004004] tsc: Detected 2400.006 MHz processor
[    0.008009] Calibrating delay loop (skipped) preset value.. 4800.01 BogoMIPS (lpj=9600024)
[    0.012003] pid_max: default: 32768 minimum: 301
[    0.016075] Security Framework initialized
[    0.020002] Yama: becoming mindful.
[    0.023201] AppArmor: AppArmor initialized
[    0.031544] Dentry cache hash table entries: 131072 (order: 8, 1048576 bytes)
[    0.036062] Inode-cache hash table entries: 65536 (order: 7, 524288 bytes)
[    0.040075] Mount-cache hash table entries: 2048 (order: 2, 16384 bytes)
[    0.044062] Mountpoint-cache hash table entries: 2048 (order: 2, 16384 bytes)
[    0.049559] Last level iTLB entries: 4KB 64, 2MB 8, 4MB 8
[    0.052002] Last level dTLB entries: 4KB 64, 2MB 0, 4MB 0, 1GB 4
[    0.056003] Spectre V1 : Mitigation: usercopy/swapgs barriers and __user pointer sanitization
[    0.060002] Spectre V2 : Mitigation: Retpolines
[    0.064002] Spectre V2 : Spectre v2 / SpectreRSB mitigation: Filling RSB on context switch
[    0.068002] Speculative Store Bypass: Vulnerable
[    0.072080] MDS: Mitigation: Clear CPU buffers
[    0.075823] MMIO Stale Data: Mitigation: Clear CPU buffers
[    0.076151] Freeing SMP alternatives memory: 36K
[    0.192419] smpboot: CPU0: Intel(R) Core(TM) i5-9300H CPU @ 2.40GHz (family: 0x6, model: 0x9e, stepping: 0xa)
[    0.196416] Performance Events: unsupported p6 CPU model 158 no PMU driver, software events only.
[    0.200093] Hierarchical SRCU implementation.
[    0.204734] NMI watchdog: Perf event create on CPU 0 failed with -2
[    0.208002] NMI watchdog: Perf NMI watchdog permanently disabled
[    0.212318] smp: Bringing up secondary CPUs ...
[    0.216901] x86: Booting SMP configuration:
[    0.220002] .... node  #0, CPUs:      #1
[    0.004000] kvm-clock: cpu 1, msr 0:3ff44041, secondary cpu clock
[    0.232097] smp: Brought up 1 node, 2 CPUs
[    0.236065] smpboot: Max logical packages: 1
[    0.240003] smpboot: Total of 2 processors activated (9600.02 BogoMIPS)
[    0.244524] devtmpfs: initialized
[    0.248090] x86/mm: Memory block size: 128MB
[    0.252372] evm: security.selinux
[    0.255140] evm: security.SMACK64
[    0.256002] evm: security.SMACK64EXEC
[    0.259099] evm: security.SMACK64TRANSMUTE
[    0.260002] evm: security.SMACK64MMAP
[    0.264002] evm: security.apparmor
[    0.268002] evm: security.ima
[    0.270529] evm: security.capability
[    0.276287] clocksource: jiffies: mask: 0xffffffff max_cycles: 0xffffffff, max_idle_ns: 7645041785100000 ns
[    0.280011] futex hash table entries: 512 (order: 3, 32768 bytes)
[    0.284193] pinctrl core: initialized pinctrl subsystem
[    0.288567] RTC time: 17:51:53, date: 09/30/22
[    0.293394] NET: Registered protocol family 16
[    0.296120] audit: initializing netlink subsys (disabled)
[    0.304097] audit: type=2000 audit(1664560318.594:1): state=initialized audit_enabled=0 res=1
[    0.312009] cpuidle: using governor ladder
[    0.316009] cpuidle: using governor menu
[    0.320052] ACPI: bus type PCI registered
[    0.324003] acpiphp: ACPI Hot Plug PCI Controller Driver version: 0.5
[    0.328576] PCI: Using configuration type 1 for base access
[    0.340370] HugeTLB registered 2.00 MiB page size, pre-allocated 0 pages
[    0.348474] ACPI: Added _OSI(Module Device)
[    0.352003] ACPI: Added _OSI(Processor Device)
[    0.356003] ACPI: Added _OSI(3.0 _SCP Extensions)
[    0.360002] ACPI: Added _OSI(Processor Aggregator Device)
[    0.364007] ACPI: Added _OSI(Linux-Dell-Video)
[    0.368003] ACPI: Added _OSI(Linux-Lenovo-NV-HDMI-Audio)
[    0.372003] ACPI: Added _OSI(Linux-HPI-Hybrid-Graphics)
[    0.376862] ACPI: Executed 1 blocks of module-level executable AML code
[    0.387071] ACPI: Interpreter enabled
[    0.388011] ACPI: (supports S0 S5)
[    0.392002] ACPI: Using IOAPIC for interrupt routing
[    0.396391] PCI: Using host bridge windows from ACPI; if necessary, use "pci=nocrs" and report a bug
[    0.400249] ACPI: Enabled 2 GPEs in block 00 to 07
[    0.417330] ACPI: PCI Root Bridge [PCI0] (domain 0000 [bus 00-ff])
[    0.420006] acpi PNP0A03:00: _OSC: OS supports [ASPM ClockPM Segments MSI]
[    0.424739] acpi PNP0A03:00: _OSC: not requesting OS control; OS requires [ExtendedConfig ASPM ClockPM MSI]
[    0.428010] acpi PNP0A03:00: fail to add MMCONFIG information, can't access extended PCI configuration space under this bridge.
[    0.436619] PCI host bridge to bus 0000:00
[    0.440003] pci_bus 0000:00: root bus resource [io  0x0000-0x0cf7 window]
[    0.444003] pci_bus 0000:00: root bus resource [io  0x0d00-0xffff window]
[    0.448004] pci_bus 0000:00: root bus resource [mem 0x000a0000-0x000bffff window]
[    0.452003] pci_bus 0000:00: root bus resource [mem 0x40000000-0xfdffffff window]
[    0.456003] pci_bus 0000:00: root bus resource [bus 00-ff]
[    0.466707] pci 0000:00:01.1: legacy IDE quirk: reg 0x10: [io  0x01f0-0x01f7]
[    0.468003] pci 0000:00:01.1: legacy IDE quirk: reg 0x14: [io  0x03f6]
[    0.472003] pci 0000:00:01.1: legacy IDE quirk: reg 0x18: [io  0x0170-0x0177]
[    0.476002] pci 0000:00:01.1: legacy IDE quirk: reg 0x1c: [io  0x0376]
[    0.503585] pci 0000:00:07.0: quirk: [io  0x4000-0x403f] claimed by PIIX4 ACPI
[    0.504037] pci 0000:00:07.0: quirk: [io  0x4100-0x410f] claimed by PIIX4 SMB
[    0.515192] ACPI: PCI Interrupt Link [LNKA] (IRQs 5 9 10 *11)
[    0.516541] ACPI: PCI Interrupt Link [LNKB] (IRQs 5 9 *10 11)
[    0.520203] ACPI: PCI Interrupt Link [LNKC] (IRQs 5 *9 10 11)
[    0.524207] ACPI: PCI Interrupt Link [LNKD] (IRQs 5 9 10 *11)
[    0.528736] SCSI subsystem initialized
[    0.532179] pci 0000:00:02.0: vgaarb: setting as boot VGA device
[    0.536000] pci 0000:00:02.0: vgaarb: VGA device added: decodes=io+mem,owns=io+mem,locks=none
[    0.536009] pci 0000:00:02.0: vgaarb: bridge control possible
[    0.540002] vgaarb: loaded
[    0.544061] ACPI: bus type USB registered
[    0.548034] usbcore: registered new interface driver usbfs
[    0.552009] usbcore: registered new interface driver hub
[    0.556010] usbcore: registered new device driver usb
[    0.564126] EDAC MC: Ver: 3.0.0
[    0.568321] PCI: Using ACPI for IRQ routing
[    0.572698] NetLabel: Initializing
[    0.576002] NetLabel:  domain hash size = 128
[    0.580002] NetLabel:  protocols = UNLABELED CIPSOv4 CALIPSO
[    0.584016] NetLabel:  unlabeled traffic allowed by default
[    0.588192] clocksource: Switched to clocksource kvm-clock
[    0.611327] VFS: Disk quotas dquot_6.6.0
[    0.611327] VFS: Dquot-cache hash table entries: 512 (order 0, 4096 bytes)
[    0.611327] AppArmor: AppArmor Filesystem Enabled
[    0.611327] pnp: PnP ACPI init
[    0.611327] pnp: PnP ACPI: found 3 devices
[    0.693150] clocksource: acpi_pm: mask: 0xffffff max_cycles: 0xffffff, max_idle_ns: 2085701024 ns
[    0.700696] NET: Registered protocol family 2
[    0.704604] IP idents hash table entries: 16384 (order: 5, 131072 bytes)
[    0.710961] TCP established hash table entries: 8192 (order: 4, 65536 bytes)
[    0.717589] TCP bind hash table entries: 8192 (order: 5, 131072 bytes)
[    0.723375] TCP: Hash tables configured (established 8192 bind 8192)
[    0.726903] UDP hash table entries: 512 (order: 2, 16384 bytes)
[    0.726903] UDP-Lite hash table entries: 512 (order: 2, 16384 bytes)
[    0.726903] NET: Registered protocol family 1
[    0.726903] pci 0000:00:00.0: Limiting direct PCI/PCI transfers
[    0.726903] pci 0000:00:01.0: Activating ISA DMA hang workarounds
[    0.726903] pci 0000:00:02.0: Video device with shadowed ROM at [mem 0x000c0000-0x000dffff]
[    0.726903] Unpacking initramfs...
[    0.726903] Freeing initrd memory: 19528K
[    0.726903] clocksource: tsc: mask: 0xffffffffffffffff max_cycles: 0x22983d4fda2, max_idle_ns: 440795302975 ns
[    0.726903] platform rtc_cmos: registered platform RTC device (no PNP device found)
[    0.726903] Scanning for low memory corruption every 60 seconds
[    1.202194] Initialise system trusted keyrings
[    1.206390] Key type blacklist registered
[    1.210745] workingset: timestamp_bits=36 max_order=18 bucket_order=0
[    1.217270] zbud: loaded
[    1.220953] squashfs: version 4.0 (2009/01/31) Phillip Lougher
[    1.227018] fuse init (API version 7.26)
[    1.250810] Key type asymmetric registered
[    1.254683] Asymmetric key parser 'x509' registered
[    1.258720] Block layer SCSI generic (bsg) driver version 0.4 loaded (major 246)
[    1.265578] io scheduler noop registered
[    1.269889] io scheduler deadline registered
[    1.274320] io scheduler cfq registered (default)
[    1.279270] ACPI: AC Adapter [AC] (on-line)
[    1.283351] input: Power Button as /devices/LNXSYSTM:00/LNXPWRBN:00/input/input0
[    1.289855] ACPI: Power Button [PWRF]
[    1.293460] input: Sleep Button as /devices/LNXSYSTM:00/LNXSLPBN:00/input/input1
[    1.300769] ACPI: Sleep Button [SLPF]
[    1.306255] ACPI: Battery Slot [BAT0] (battery present)
[    1.308672] Serial: 8250/16550 driver, 32 ports, IRQ sharing enabled
[    1.345478] 00:02: ttyS0 at I/O 0x3f8 (irq = 4, base_baud = 115200) is a 16550A
[    1.353950] Linux agpgart interface v0.103
[    1.361074] loop: module loaded
[    1.367000] scsi host0: ata_piix
[    1.370981] scsi host1: ata_piix
[    1.374143] ata1: PATA max UDMA/33 cmd 0x1f0 ctl 0x3f6 bmdma 0xd000 irq 14
[    1.380323] ata2: PATA max UDMA/33 cmd 0x170 ctl 0x376 bmdma 0xd008 irq 15
[    1.386335] tun: Universal TUN/TAP device driver, 1.6
[    1.392378] PPP generic driver version 2.4.2
[    1.397578] ehci_hcd: USB 2.0 'Enhanced' Host Controller (EHCI) Driver
[    1.403217] ehci-pci: EHCI PCI platform driver
[    1.407348] ehci-platform: EHCI generic platform driver
[    1.412509] ohci_hcd: USB 1.1 'Open' Host Controller (OHCI) Driver
[    1.417895] ohci-pci: OHCI PCI platform driver
[    1.421964] ohci-platform: OHCI generic platform driver
[    1.426685] uhci_hcd: USB Universal Host Controller Interface driver
[    1.432386] i8042: PNP: PS/2 Controller [PNP0303:PS2K,PNP0f03:PS2M] at 0x60,0x64 irq 1,12
[    1.442486] serio: i8042 KBD port at 0x60,0x64 irq 1
[    1.447913] serio: i8042 AUX port at 0x60,0x64 irq 12
[    1.453335] mousedev: PS/2 mouse device common for all mice
[    1.459916] input: AT Translated Set 2 keyboard as /devices/platform/i8042/serio0/input/input2
[    1.468966] rtc_cmos rtc_cmos: rtc core: registered rtc_cmos as rtc0
[    1.475910] rtc_cmos rtc_cmos: alarms up to one day, 114 bytes nvram
[    1.481707] i2c /dev entries driver
[    1.485039] device-mapper: uevent: version 1.0.3
[    1.489244] device-mapper: ioctl: 4.37.0-ioctl (2017-09-20) initialised: dm-devel@redhat.com
[    1.497113] ledtrig-cpu: registered to indicate activity on CPUs
[    1.505169] NET: Registered protocol family 10
[    1.518051] Segment Routing with IPv6
[    1.521942] NET: Registered protocol family 17
[    1.526343] Key type dns_resolver registered
[    1.530956] mce: Using 0 MCE banks
[    1.534660] RAS: Correctable Errors collector initialized.
[    1.539548] sched_clock: Marking stable (1539509647, 0)->(2245182030, -705672383)
[    1.605244] registered taskstats version 1
[    1.609196] Loading compiled-in X.509 certificates
[    1.617491] Loaded X.509 cert 'Build time autogenerated kernel key: b9e621348ccbcfe28d0c51e4c3b595dc856bdd44'
[    1.626155] Loaded X.509 cert 'Canonical Ltd. Live Patch Signing: 14df34d1a87cf37625abec039ef2bf521249b969'
[    1.634640] Loaded X.509 cert 'Canonical Ltd. Kernel Module Signing: 88f752e560a1e0737e31163a466ad7b70a850c19'
[    1.643071] blacklist: Loading compiled-in revocation X.509 certificates
[    1.648809] Loaded X.509 cert 'Canonical Ltd. Secure Boot Signing: 61482aa2830d0ab2ad5af10b7250da9033ddcef0'
[    1.657941] zswap: loaded using pool lzo/zbud
[    1.671406] Key type big_key registered
[    1.675129] Key type trusted registered
[    1.682167] Key type encrypted registered
[    1.686051] AppArmor: AppArmor sha1 policy hashing enabled
[    1.690833] ima: No TPM chip found, activating TPM-bypass! (rc=-19)
[    1.696164] ima: Allocated hash algorithm: sha1
[    1.699953] evm: HMAC attrs: 0x1
[    1.703371]   Magic number: 6:417:897
[    1.707033] rtc_cmos rtc_cmos: setting system clock to 2022-09-30 17:51:55 UTC (1664560315)
[    1.714622] BIOS EDD facility v0.16 2004-Jun-25, 0 devices found
[    1.720185] EDD information not available.
[    1.727327] Freeing unused kernel image memory: 2468K
[    1.752206] Write protecting the kernel read-only data: 20480k
[    1.758454] Freeing unused kernel image memory: 2008K
[    1.763527] Freeing unused kernel image memory: 1820K
[    1.773390] x86/mm: Checked W+X mappings: passed, no W+X pages found.
[    1.779103] x86/mm: Checking user space page tables
[    1.788518] x86/mm: Checked W+X mappings: passed, no W+X pages found.
Loading, please wait...
starting version 237
[    1.876015] e1000: Intel(R) PRO/1000 Network Driver - version 7.3.21-k8-NAPI
[    1.882008] e1000: Copyright (c) 1999-2006 Intel Corporation.
[    1.893243] Fusion MPT base driver 3.04.20
[    1.896924] Copyright (c) 1999-2008 LSI Corporation
[    1.908915] Fusion MPT SPI Host driver 3.04.20
[    2.145139] input: ImExPS/2 Generic Explorer Mouse as /devices/platform/i8042/serio1/input/input4
[    2.542115] e1000 0000:00:03.0 eth0: (PCI:33MHz:32-bit) 02:12:a5:46:f1:8c
[    2.548473] e1000 0000:00:03.0 eth0: Intel(R) PRO/1000 Network Connection
[    2.557692] e1000 0000:00:03.0 enp0s3: renamed from eth0
[    2.563059] mptbase: ioc0: Initiating bringup
[    2.670187] ioc0: LSI53C1030 A0: Capabilities={Initiator}
[    2.925975] scsi host2: ioc0: LSI53C1030 A0, FwRev=00000000h, Ports=1, MaxQ=256, IRQ=20
[    3.101378] scsi 2:0:0:0: Direct-Access     VBOX     HARDDISK         1.0  PQ: 0 ANSI: 5
[    3.140179] scsi target2:0:0: Beginning Domain Validation
[    3.154955] scsi target2:0:0: Domain Validation skipping write tests
[    3.160924] scsi target2:0:0: Ending Domain Validation
[    3.166129] scsi target2:0:0: asynchronous
[    3.172418] scsi 2:0:1:0: Direct-Access     VBOX     HARDDISK         1.0  PQ: 0 ANSI: 5
[    3.208760] scsi target2:0:1: Beginning Domain Validation
[    3.215422] random: fast init done
[    3.225828] scsi target2:0:1: Domain Validation skipping write tests
[    3.232143] scsi target2:0:1: Ending Domain Validation
[    3.237384] scsi target2:0:1: asynchronous
[    3.257489] sd 2:0:0:0: Attached scsi generic sg0 type 0
[    3.257650] random: systemd-udevd: uninitialized urandom read (16 bytes read)
[    3.269848] sd 2:0:0:0: [sda] 83886080 512-byte logical blocks: (42.9 GB/40.0 GiB)
[    3.273075] random: systemd-udevd: uninitialized urandom read (16 bytes read)
[    3.276541] sd 2:0:0:0: [sda] Write Protect is off
[    3.282596] sd 2:0:1:0: Attached scsi generic sg1 type 0
[    3.282659] random: systemd-udevd: uninitialized urandom read (16 bytes read)
[    3.297582] sd 2:0:1:0: [sdb] 20480 512-byte logical blocks: (10.5 MB/10.0 MiB)
[    3.304264] sd 2:0:0:0: [sda] Incomplete mode parameter data
[    3.309429] sd 2:0:0:0: [sda] Assuming drive cache: write through
[    3.314949] sd 2:0:1:0: [sdb] Write Protect is off
[    3.320279] sd 2:0:1:0: [sdb] Incomplete mode parameter data
[    3.325435] sd 2:0:1:0: [sdb] Assuming drive cache: write through
[    3.334104]  sda: sda1
[    3.341007] sd 2:0:0:0: [sda] Attached SCSI disk
[    3.347045] sd 2:0:1:0: [sdb] Attached SCSI disk
Begin: Loading essential drivers ... 